<?xml version="1.0" encoding="UTF-8" ?>
<testsuite errors="0" failures="0" hostname="Abankwah" name="MemberSpec" tests="3" time="15.142" timestamp="2013-12-28T05:39:39">
  <properties />
  <testcase classname="MemberSpec" name="User Login" time="2.878" />
  <testcase classname="MemberSpec" name="Create New Member" time="8.812" />
  <testcase classname="MemberSpec" name="Show Member" time="2.202" />
  <system-out><![CDATA[--Output from User Login--
--Output from Create New Member--
--Output from Show Member--
]]></system-out>
  <system-err><![CDATA[--Output from User Login--
--Output from Create New Member--
--Output from Show Member--
]]></system-err>
</testsuite>
