<?xml version="1.0" encoding="UTF-8" ?>
<testsuite errors="0" failures="0" hostname="Abankwah" name="TitheSpec" tests="1" time="3.151" timestamp="2013-12-28T05:38:44">
  <properties />
  <testcase classname="TitheSpec" name="there are no people" time="3.134" />
  <system-out><![CDATA[--Output from there are no people--
]]></system-out>
  <system-err><![CDATA[--Output from there are no people--
]]></system-err>
</testsuite>
