<?xml version="1.0" encoding="UTF-8" ?>
<testsuite errors="0" failures="0" hostname="Abankwah" name="GuestSpec" tests="2" time="9.177" timestamp="2013-12-28T05:38:35">
  <properties />
  <testcase classname="GuestSpec" name="User Login" time="2.547" />
  <testcase classname="GuestSpec" name="List Guest" time="6.258" />
  <system-out><![CDATA[--Output from User Login--
--Output from List Guest--
]]></system-out>
  <system-err><![CDATA[--Output from User Login--
--Output from List Guest--
]]></system-err>
</testsuite>
